Assuming unrestricted shared filesystem usage.
None
host: Biswajit
Building DAG of jobs...
Provided cores: 8
Rules claiming more threads will be scaled down.
Job stats:
job                          count
-------------------------  -------
all                              1
summarising_default_years        1
total                            2

Select jobs to execute...
Execute 1 jobs...
[Fri May  9 10:26:17 2025]
localrule summarising_default_years:
    input: Data/financials/financials_annual.gz, Results/initial_inspection/defaulting_companies_year.csv
    output: Results/initial_inspection/is_default_in_range.csv, Results/initial_inspection/how_many_in_vs_out_of_range.csv, Results/initial_inspection/out_of_range_distances.csv, Results/initial_inspection/in_range_distances.csv
    jobid: 1
    reason: Missing output files: Results/initial_inspection/is_default_in_range.csv, Results/initial_inspection/in_range_distances.csv, Results/initial_inspection/out_of_range_distances.csv, Results/initial_inspection/how_many_in_vs_out_of_range.csv
    resources: tmpdir=C:\Users\biswa\AppData\Local\Temp

[Fri May  9 10:27:29 2025]
Finished jobid: 1 (Rule: summarising_default_years)
1 of 2 steps (50%) done
Select jobs to execute...
Execute 1 jobs...
[Fri May  9 10:27:29 2025]
localrule all:
    input: Results/initial_inspection/is_default_in_range.csv, Results/initial_inspection/how_many_in_vs_out_of_range.csv, Results/initial_inspection/out_of_range_distances.csv, Results/initial_inspection/in_range_distances.csv
    jobid: 0
    reason: Input files updated by another job: Results/initial_inspection/in_range_distances.csv, Results/initial_inspection/is_default_in_range.csv, Results/initial_inspection/out_of_range_distances.csv, Results/initial_inspection/how_many_in_vs_out_of_range.csv
    resources: tmpdir=C:\Users\biswa\AppData\Local\Temp

[Fri May  9 10:27:29 2025]
Finished jobid: 0 (Rule: all)
2 of 2 steps (100%) done
Complete log(s): C:\Users\biswa\DefaultRiskValuation\.snakemake\log\2025-05-09T102617.858628.snakemake.log
