Assuming unrestricted shared filesystem usage.
None
host: Biswajit
Building DAG of jobs...
Provided cores: 8
Rules claiming more threads will be scaled down.
Job stats:
job                                  count
---------------------------------  -------
all                                      1
imputed_merton_model_descriptives        1
total                                    2

Select jobs to execute...
Execute 1 jobs...
[Tue May 27 14:01:38 2025]
localrule imputed_merton_model_descriptives:
    input: Results/merton_model/notdropped/tables/two_system_merton_predictions.csv, Results/merton_model/notdropped/tables/one_system_merton_predictions.csv
    output: Results/merton_model/notdropped/tables/two_system_summary_stats.csv, Results/merton_model/notdropped/tables/one_system_summary_stats.csv, Results/merton_model/notdropped/plots/Two_System_Default_vs_Controls_PD_Evolution.png, Results/merton_model/notdropped/plots/Two_System_Default_vs_Controls_Equity_Returns_Evolution.png, Results/merton_model/notdropped/plots/Two_System_Default_vs_Controls_Equity_Vol_Evolution.png, Results/merton_model/notdropped/plots/Two_System_Default_vs_Controls_Asset_Vol_Evolution.png, Results/merton_model/notdropped/plots/Two_System_Default_vs_Controls_Implied_D2A_Evolution.png, Results/merton_model/notdropped/plots/Two_System_Default_vs_Controls_Book_D2A_Evolution.png, Results/merton_model/notdropped/plots/Two_System_Implied_D2A_vs_Book_D2A_Evolution.png, Results/merton_model/notdropped/plots/Two_System_Default_vs_Controls_Implied_LTD2A_Evolution.png, Results/merton_model/notdropped/plots/Two_System_Default_vs_Controls_LTD2A_Evolution.png, Results/merton_model/notdropped/plots/One_System_Default_vs_Controls_PD_Evolution.png, Results/merton_model/notdropped/plots/One_System_Default_vs_Controls_Equity_Returns_Evolution.png, Results/merton_model/notdropped/plots/One_System_Default_vs_Controls_Equity_Vol_Evolution.png, Results/merton_model/notdropped/plots/One_System_Default_vs_Controls_Asset_Vol_Evolution.png, Results/merton_model/notdropped/plots/One_System_Default_vs_Controls_Implied_A2D_Evolution.png, Results/merton_model/notdropped/plots/One_System_Default_vs_Controls_Book_A2D_Evolution.png, Results/merton_model/notdropped/plots/One_System_Implied_A2D_vs_Book_A2D_Evolution.png, Results/merton_model/notdropped/plots/One_System_Default_vs_Controls_Implied_A2LTD_Evolution.png, Results/merton_model/notdropped/plots/One_System_Default_vs_Controls_Book_A2LTD_Evolution.png
    jobid: 1
    reason: Missing output files: Results/merton_model/notdropped/plots/Two_System_Default_vs_Controls_Equity_Vol_Evolution.png, Results/merton_model/notdropped/plots/Two_System_Default_vs_Controls_Asset_Vol_Evolution.png, Results/merton_model/notdropped/plots/One_System_Default_vs_Controls_Implied_A2D_Evolution.png, Results/merton_model/notdropped/plots/One_System_Implied_A2D_vs_Book_A2D_Evolution.png, Results/merton_model/notdropped/tables/two_system_summary_stats.csv, Results/merton_model/notdropped/plots/Two_System_Default_vs_Controls_Equity_Returns_Evolution.png, Results/merton_model/notdropped/plots/One_System_Default_vs_Controls_PD_Evolution.png, Results/merton_model/notdropped/plots/Two_System_Default_vs_Controls_Book_D2A_Evolution.png, Results/merton_model/notdropped/tables/one_system_summary_stats.csv, Results/merton_model/notdropped/plots/Two_System_Default_vs_Controls_LTD2A_Evolution.png, Results/merton_model/notdropped/plots/Two_System_Default_vs_Controls_Implied_LTD2A_Evolution.png, Results/merton_model/notdropped/plots/One_System_Default_vs_Controls_Book_A2D_Evolution.png, Results/merton_model/notdropped/plots/Two_System_Default_vs_Controls_PD_Evolution.png, Results/merton_model/notdropped/plots/One_System_Default_vs_Controls_Implied_A2LTD_Evolution.png, Results/merton_model/notdropped/plots/One_System_Default_vs_Controls_Equity_Returns_Evolution.png, Results/merton_model/notdropped/plots/One_System_Default_vs_Controls_Asset_Vol_Evolution.png, Results/merton_model/notdropped/plots/One_System_Default_vs_Controls_Book_A2LTD_Evolution.png, Results/merton_model/notdropped/plots/One_System_Default_vs_Controls_Equity_Vol_Evolution.png, Results/merton_model/notdropped/plots/Two_System_Implied_D2A_vs_Book_D2A_Evolution.png, Results/merton_model/notdropped/plots/Two_System_Default_vs_Controls_Implied_D2A_Evolution.png
    resources: tmpdir=C:\Users\biswa\AppData\Local\Temp

RuleException:
CalledProcessError in file "C:\Users\biswa\DefaultRiskValuation\Snakefile", line 114:
Command 'C:/Users/biswa/anaconda3/envs/snakemake/python.exe "C:\Users\biswa\DefaultRiskValuation\.snakemake\scripts\tmpnv5s_w9q.model_checks_and_propensity_matching.py"' returned non-zero exit status 1.
[Tue May 27 14:01:49 2025]
Error in rule imputed_merton_model_descriptives:
    message: None
    jobid: 1
    input: Results/merton_model/notdropped/tables/two_system_merton_predictions.csv, Results/merton_model/notdropped/tables/one_system_merton_predictions.csv
    output: Results/merton_model/notdropped/tables/two_system_summary_stats.csv, Results/merton_model/notdropped/tables/one_system_summary_stats.csv, Results/merton_model/notdropped/plots/Two_System_Default_vs_Controls_PD_Evolution.png, Results/merton_model/notdropped/plots/Two_System_Default_vs_Controls_Equity_Returns_Evolution.png, Results/merton_model/notdropped/plots/Two_System_Default_vs_Controls_Equity_Vol_Evolution.png, Results/merton_model/notdropped/plots/Two_System_Default_vs_Controls_Asset_Vol_Evolution.png, Results/merton_model/notdropped/plots/Two_System_Default_vs_Controls_Implied_D2A_Evolution.png, Results/merton_model/notdropped/plots/Two_System_Default_vs_Controls_Book_D2A_Evolution.png, Results/merton_model/notdropped/plots/Two_System_Implied_D2A_vs_Book_D2A_Evolution.png, Results/merton_model/notdropped/plots/Two_System_Default_vs_Controls_Implied_LTD2A_Evolution.png, Results/merton_model/notdropped/plots/Two_System_Default_vs_Controls_LTD2A_Evolution.png, Results/merton_model/notdropped/plots/One_System_Default_vs_Controls_PD_Evolution.png, Results/merton_model/notdropped/plots/One_System_Default_vs_Controls_Equity_Returns_Evolution.png, Results/merton_model/notdropped/plots/One_System_Default_vs_Controls_Equity_Vol_Evolution.png, Results/merton_model/notdropped/plots/One_System_Default_vs_Controls_Asset_Vol_Evolution.png, Results/merton_model/notdropped/plots/One_System_Default_vs_Controls_Implied_A2D_Evolution.png, Results/merton_model/notdropped/plots/One_System_Default_vs_Controls_Book_A2D_Evolution.png, Results/merton_model/notdropped/plots/One_System_Implied_A2D_vs_Book_A2D_Evolution.png, Results/merton_model/notdropped/plots/One_System_Default_vs_Controls_Implied_A2LTD_Evolution.png, Results/merton_model/notdropped/plots/One_System_Default_vs_Controls_Book_A2LTD_Evolution.png
Removing output files of failed job imputed_merton_model_descriptives since they might be corrupted:
Results/merton_model/notdropped/tables/two_system_summary_stats.csv, Results/merton_model/notdropped/tables/one_system_summary_stats.csv
Shutting down, this might take some time.
Exiting because a job execution failed. Look below for error messages
[Tue May 27 14:01:49 2025]
Error in rule imputed_merton_model_descriptives:
    message: None
    jobid: 1
    input: Results/merton_model/notdropped/tables/two_system_merton_predictions.csv, Results/merton_model/notdropped/tables/one_system_merton_predictions.csv
    output: Results/merton_model/notdropped/tables/two_system_summary_stats.csv, Results/merton_model/notdropped/tables/one_system_summary_stats.csv, Results/merton_model/notdropped/plots/Two_System_Default_vs_Controls_PD_Evolution.png, Results/merton_model/notdropped/plots/Two_System_Default_vs_Controls_Equity_Returns_Evolution.png, Results/merton_model/notdropped/plots/Two_System_Default_vs_Controls_Equity_Vol_Evolution.png, Results/merton_model/notdropped/plots/Two_System_Default_vs_Controls_Asset_Vol_Evolution.png, Results/merton_model/notdropped/plots/Two_System_Default_vs_Controls_Implied_D2A_Evolution.png, Results/merton_model/notdropped/plots/Two_System_Default_vs_Controls_Book_D2A_Evolution.png, Results/merton_model/notdropped/plots/Two_System_Implied_D2A_vs_Book_D2A_Evolution.png, Results/merton_model/notdropped/plots/Two_System_Default_vs_Controls_Implied_LTD2A_Evolution.png, Results/merton_model/notdropped/plots/Two_System_Default_vs_Controls_LTD2A_Evolution.png, Results/merton_model/notdropped/plots/One_System_Default_vs_Controls_PD_Evolution.png, Results/merton_model/notdropped/plots/One_System_Default_vs_Controls_Equity_Returns_Evolution.png, Results/merton_model/notdropped/plots/One_System_Default_vs_Controls_Equity_Vol_Evolution.png, Results/merton_model/notdropped/plots/One_System_Default_vs_Controls_Asset_Vol_Evolution.png, Results/merton_model/notdropped/plots/One_System_Default_vs_Controls_Implied_A2D_Evolution.png, Results/merton_model/notdropped/plots/One_System_Default_vs_Controls_Book_A2D_Evolution.png, Results/merton_model/notdropped/plots/One_System_Implied_A2D_vs_Book_A2D_Evolution.png, Results/merton_model/notdropped/plots/One_System_Default_vs_Controls_Implied_A2LTD_Evolution.png, Results/merton_model/notdropped/plots/One_System_Default_vs_Controls_Book_A2LTD_Evolution.png
Complete log(s): C:\Users\biswa\DefaultRiskValuation\.snakemake\log\2025-05-27T140137.830534.snakemake.log
WorkflowError:
At least one job did not complete successfully.
