Assuming unrestricted shared filesystem usage.
None
host: LAPTOP-AQ8QDRID
Building DAG of jobs...
Provided cores: 4
Rules claiming more threads will be scaled down.
Job stats:
job      count
-----  -------
all          1
total        1

Select jobs to execute...
Execute 1 jobs...
[Thu Jul 10 11:04:01 2025]
localrule all:
    jobid: 0
    reason: Rules with neither input nor output files are always executed.
    resources: tmpdir=C:\Users\HP\AppData\Local\Temp
[Thu Jul 10 11:04:01 2025]
Finished jobid: 0 (Rule: all)
1 of 1 steps (100%) done
Complete log(s): C:\Users\HP\Modelling-Default-Risk\.snakemake\log\2025-07-10T110401.821017.snakemake.log
