Assuming unrestricted shared filesystem usage.
None
host: Biswajit
Building DAG of jobs...
Provided cores: 8
Rules claiming more threads will be scaled down.
Job stats:
job                             count
----------------------------  -------
all                                 1
inspect_defaulting_companies        1
total                               2

Select jobs to execute...
Execute 1 jobs...
[Fri May  9 09:52:02 2025]
localrule inspect_defaulting_companies:
    input: Data/bankruptcy_filings/bankruptcy_filings_cleaned.csv, Data/financials/financials_annual.gz
    output: Results/initial_inspection/defaulting_companies_year.csv, Results/initial_inspection/yearly_cases_default.csv
    jobid: 2
    reason: Updated input files: Data/bankruptcy_filings/bankruptcy_filings_cleaned.csv
    resources: tmpdir=C:\Users\biswa\AppData\Local\Temp

RuleException:
CalledProcessError in file "C:\Users\biswa\DefaultRiskValuation\Snakefile", line 37:
Command 'C:/Users/biswa/anaconda3/envs/snakemake/python.exe "C:\Users\biswa\DefaultRiskValuation\.snakemake\scripts\tmp41s0dsxz.inspect_defaulting_companies.py"' returned non-zero exit status 1.
[Fri May  9 09:53:09 2025]
Error in rule inspect_defaulting_companies:
    message: None
    jobid: 2
    input: Data/bankruptcy_filings/bankruptcy_filings_cleaned.csv, Data/financials/financials_annual.gz
    output: Results/initial_inspection/defaulting_companies_year.csv, Results/initial_inspection/yearly_cases_default.csv
Shutting down, this might take some time.
Exiting because a job execution failed. Look below for error messages
[Fri May  9 09:53:09 2025]
Error in rule inspect_defaulting_companies:
    message: None
    jobid: 2
    input: Data/bankruptcy_filings/bankruptcy_filings_cleaned.csv, Data/financials/financials_annual.gz
    output: Results/initial_inspection/defaulting_companies_year.csv, Results/initial_inspection/yearly_cases_default.csv
Complete log(s): C:\Users\biswa\DefaultRiskValuation\.snakemake\log\2025-05-09T095202.739184.snakemake.log
WorkflowError:
At least one job did not complete successfully.
