Assuming unrestricted shared filesystem usage.
None
host: Biswajit
Building DAG of jobs...
Provided cores: 8
Rules claiming more threads will be scaled down.
Job stats:
job                                    count
-----------------------------------  -------
all                                        1
merton_model_implimentation_imputed        1
total                                      2

Select jobs to execute...
Execute 1 jobs...
[Fri May 23 16:19:56 2025]
localrule merton_model_implimentation_imputed:
    input: Data/prepared_datasets/financials_annual_merton_imputed.csv
    output: Results/merton_model/notdropped/tables/one_system_merton_predictions.csv, Results/merton_model/notdropped/tables/one_system_merton_performance.csv
    jobid: 1
    reason: Missing output files: Results/merton_model/notdropped/tables/one_system_merton_performance.csv, Results/merton_model/notdropped/tables/one_system_merton_predictions.csv
    resources: tmpdir=C:\Users\biswa\AppData\Local\Temp

RuleException:
CalledProcessError in file "C:\Users\biswa\DefaultRiskValuation\Snakefile", line 73:
Command 'C:/Users/biswa/anaconda3/envs/snakemake/python.exe "C:\Users\biswa\DefaultRiskValuation\.snakemake\scripts\tmpmhcp5mm9.merton_model_implimentation_imputed.py"' returned non-zero exit status 1.
[Fri May 23 16:20:04 2025]
Error in rule merton_model_implimentation_imputed:
    message: None
    jobid: 1
    input: Data/prepared_datasets/financials_annual_merton_imputed.csv
    output: Results/merton_model/notdropped/tables/one_system_merton_predictions.csv, Results/merton_model/notdropped/tables/one_system_merton_performance.csv
Shutting down, this might take some time.
Exiting because a job execution failed. Look below for error messages
[Fri May 23 16:20:04 2025]
Error in rule merton_model_implimentation_imputed:
    message: None
    jobid: 1
    input: Data/prepared_datasets/financials_annual_merton_imputed.csv
    output: Results/merton_model/notdropped/tables/one_system_merton_predictions.csv, Results/merton_model/notdropped/tables/one_system_merton_performance.csv
Complete log(s): C:\Users\biswa\DefaultRiskValuation\.snakemake\log\2025-05-23T161956.241129.snakemake.log
WorkflowError:
At least one job did not complete successfully.
