Assuming unrestricted shared filesystem usage.
None
host: Biswajit
Building DAG of jobs...
Provided cores: 8
Rules claiming more threads will be scaled down.
Job stats:
job                              count
-----------------------------  -------
all                                  1
no_defaults_per_year_labelled        1
total                                2

Select jobs to execute...
Execute 1 jobs...
[Fri May  9 16:02:11 2025]
localrule no_defaults_per_year_labelled:
    input: Data/financials/financials_annual.gz, Data/bankruptcy_filings/bankruptcy_filings_cleaned.csv
    output: Results/labelled_data_inspection/no_of_defaults_per_year.csv
    jobid: 1
    reason: Missing output files: Results/labelled_data_inspection/no_of_defaults_per_year.csv
    resources: tmpdir=C:\Users\biswa\AppData\Local\Temp

[Fri May  9 16:04:17 2025]
Finished jobid: 1 (Rule: no_defaults_per_year_labelled)
1 of 2 steps (50%) done
Select jobs to execute...
Execute 1 jobs...
[Fri May  9 16:04:17 2025]
localrule all:
    input: Results/labelled_data_inspection/no_of_defaults_per_year.csv
    jobid: 0
    reason: Input files updated by another job: Results/labelled_data_inspection/no_of_defaults_per_year.csv
    resources: tmpdir=C:\Users\biswa\AppData\Local\Temp

[Fri May  9 16:04:17 2025]
Finished jobid: 0 (Rule: all)
2 of 2 steps (100%) done
Complete log(s): C:\Users\biswa\DefaultRiskValuation\.snakemake\log\2025-05-09T160211.270051.snakemake.log
