Assuming unrestricted shared filesystem usage.
None
host: Biswajit
Building DAG of jobs...
Provided cores: 8
Rules claiming more threads will be scaled down.
Job stats:
job                            count
---------------------------  -------
all                                1
merton_model_implimentation        1
total                              2

Select jobs to execute...
Execute 1 jobs...
[Thu May 22 12:05:27 2025]
localrule merton_model_implimentation:
    input: Data/prepared_datasets/financials_annual_merton.csv, Data/prepared_datasets/stocks_data_prepared.csv, Data/daily_data/Yearly 1Y Treasury Rate.xlsx
    output: Results/merton_model/dropna/tables/two_system_merton_predictions.csv, Results/merton_model/dropna/tables/two_system_merton_performance.csv, Results/merton_model/dropna/tables/one_system_merton_predictions.csv, Results/merton_model/dropna/tables/one_system_merton_performance.csv
    jobid: 1
    reason: Missing output files: Results/merton_model/dropna/tables/two_system_merton_predictions.csv, Results/merton_model/dropna/tables/one_system_merton_predictions.csv, Results/merton_model/dropna/tables/one_system_merton_performance.csv, Results/merton_model/dropna/tables/two_system_merton_performance.csv
    resources: tmpdir=C:\Users\biswa\AppData\Local\Temp

RuleException:
CalledProcessError in file "C:\Users\biswa\DefaultRiskValuation\Snakefile", line 53:
Command 'C:/Users/biswa/anaconda3/envs/snakemake/python.exe "C:\Users\biswa\DefaultRiskValuation\.snakemake\scripts\tmp7fdec_fz.merton_model_implimentation.py"' returned non-zero exit status 1.
[Thu May 22 12:06:28 2025]
Error in rule merton_model_implimentation:
    message: None
    jobid: 1
    input: Data/prepared_datasets/financials_annual_merton.csv, Data/prepared_datasets/stocks_data_prepared.csv, Data/daily_data/Yearly 1Y Treasury Rate.xlsx
    output: Results/merton_model/dropna/tables/two_system_merton_predictions.csv, Results/merton_model/dropna/tables/two_system_merton_performance.csv, Results/merton_model/dropna/tables/one_system_merton_predictions.csv, Results/merton_model/dropna/tables/one_system_merton_performance.csv
Shutting down, this might take some time.
Exiting because a job execution failed. Look below for error messages
[Thu May 22 12:06:28 2025]
Error in rule merton_model_implimentation:
    message: None
    jobid: 1
    input: Data/prepared_datasets/financials_annual_merton.csv, Data/prepared_datasets/stocks_data_prepared.csv, Data/daily_data/Yearly 1Y Treasury Rate.xlsx
    output: Results/merton_model/dropna/tables/two_system_merton_predictions.csv, Results/merton_model/dropna/tables/two_system_merton_performance.csv, Results/merton_model/dropna/tables/one_system_merton_predictions.csv, Results/merton_model/dropna/tables/one_system_merton_performance.csv
Complete log(s): C:\Users\biswa\DefaultRiskValuation\.snakemake\log\2025-05-22T120527.720616.snakemake.log
WorkflowError:
At least one job did not complete successfully.
