Assuming unrestricted shared filesystem usage.
None
host: Biswajit
Building DAG of jobs...
Provided cores: 8
Rules claiming more threads will be scaled down.
Job stats:
job                         count
------------------------  -------
all                             1
initial_panel_inspection        1
total                           2

Select jobs to execute...
Execute 1 jobs...
[Wed May  7 16:41:44 2025]
localrule initial_panel_inspection:
    input: Data/financials/financials_annual.gz
    output: Results/initial_inspection/dominant_datadate_per_year.csv, Results/initial_inspection/companies_per_year_dominant_date.csv
    jobid: 1
    reason: Missing output files: Results/initial_inspection/companies_per_year_dominant_date.csv, Results/initial_inspection/dominant_datadate_per_year.csv
    resources: tmpdir=C:\Users\biswa\AppData\Local\Temp

[Wed May  7 16:43:27 2025]
Finished jobid: 1 (Rule: initial_panel_inspection)
1 of 2 steps (50%) done
Select jobs to execute...
Execute 1 jobs...
[Wed May  7 16:43:27 2025]
localrule all:
    input: Results/initial_inspection/dominant_datadate_per_year.csv, Results/initial_inspection/companies_per_year_dominant_date.csv, Results/initial_inspection/defaulting_companies_year.csv, Results/initial_inspection/yearly_cases_default.csv
    jobid: 0
    reason: Input files updated by another job: Results/initial_inspection/companies_per_year_dominant_date.csv, Results/initial_inspection/dominant_datadate_per_year.csv
    resources: tmpdir=C:\Users\biswa\AppData\Local\Temp

[Wed May  7 16:43:27 2025]
Finished jobid: 0 (Rule: all)
2 of 2 steps (100%) done
Complete log(s): C:\Users\biswa\DefaultRiskValuation\.snakemake\log\2025-05-07T164144.565580.snakemake.log
