Assuming unrestricted shared filesystem usage.
None
host: Biswajit
Building DAG of jobs...
Provided cores: 8
Rules claiming more threads will be scaled down.
Job stats:
job                             count
----------------------------  -------
all                                 1
initial_panel_inspection            1
inspect_defaulting_companies        1
total                               3

Select jobs to execute...
Execute 2 jobs...
[Wed May  7 20:04:34 2025]
localrule initial_panel_inspection:
    input: Data/financials/financials_annual.gz
    output: Results/initial_inspection/dominant_datadate_per_year.csv, Results/initial_inspection/companies_per_year_dominant_date.csv
    jobid: 1
    reason: Missing output files: Results/initial_inspection/companies_per_year_dominant_date.csv, Results/initial_inspection/dominant_datadate_per_year.csv
    resources: tmpdir=C:\Users\biswa\AppData\Local\Temp

[Wed May  7 20:04:34 2025]
localrule inspect_defaulting_companies:
    input: Data/bankruptcy_filings/bankruptcy_filings_cleaned.csv, Data/financials/financials_annual.gz
    output: Results/initial_inspection/defaulting_companies_year.csv, Results/initial_inspection/yearly_cases_default.csv
    jobid: 2
    reason: Missing output files: Results/initial_inspection/defaulting_companies_year.csv, Results/initial_inspection/yearly_cases_default.csv
    resources: tmpdir=C:\Users\biswa\AppData\Local\Temp

[Wed May  7 20:05:33 2025]
Finished jobid: 2 (Rule: inspect_defaulting_companies)
1 of 3 steps (33%) done
RuleException:
CalledProcessError in file "C:\Users\biswa\DefaultRiskValuation\Snakefile", line 17:
Command 'C:/Users/biswa/anaconda3/envs/snakemake/python.exe "C:\Users\biswa\DefaultRiskValuation\.snakemake\scripts\tmpeod7gnme.inspect_panel_structure.py"' returned non-zero exit status 3221225786.
[Wed May  7 20:07:22 2025]
Error in rule initial_panel_inspection:
    message: None
    jobid: 1
    input: Data/financials/financials_annual.gz
    output: Results/initial_inspection/dominant_datadate_per_year.csv, Results/initial_inspection/companies_per_year_dominant_date.csv
Terminating processes on user request, this might take some time.
Complete log(s): C:\Users\biswa\DefaultRiskValuation\.snakemake\log\2025-05-07T200434.744206.snakemake.log
WorkflowError:
At least one job did not complete successfully.
