Assuming unrestricted shared filesystem usage.
None
host: Biswajit
Building DAG of jobs...
Provided cores: 8
Rules claiming more threads will be scaled down.
Job stats:
job                          count
-------------------------  -------
all                              1
merton_model_descriptives        1
total                            2

Select jobs to execute...
Execute 1 jobs...
[Fri May 23 10:23:23 2025]
localrule merton_model_descriptives:
    input: Results/merton_model/dropna/tables/two_system_merton_predictions.csv, Results/merton_model/dropna/tables/one_system_merton_predictions.csv
    output: Results/merton_model/dropna/tables/two_system_summary_stats.csv, Results/merton_model/dropna/tables/one_system_summary_stats.csv, Results/merton_model/dropna/plots/Two_System_Default_vs_Controls_PD_Evolution.png, Results/merton_model/dropna/plots/Two_System_Default_vs_Controls_Equity_Returns_Evolution.png, Results/merton_model/dropna/plots/Two_System_Default_vs_Controls_Equity_Vol_Evolution.png, Results/merton_model/dropna/plots/Two_System_Default_vs_Controls_Asset_Vol_Evolution.png, Results/merton_model/dropna/plots/Two_System_Default_vs_Controls_Implied_A2D_Evolution.png, Results/merton_model/dropna/plots/Two_System_Default_vs_Controls_Book_A2D_Evolution.png, Results/merton_model/dropna/plots/Two_System_Implied_A2D_vs_Book_A2D_Evolution.png, Results/merton_model/dropna/plots/One_System_Default_vs_Controls_PD_Evolution.png, Results/merton_model/dropna/plots/One_System_Default_vs_Controls_Equity_Returns_Evolution.png, Results/merton_model/dropna/plots/One_System_Default_vs_Controls_Equity_Vol_Evolution.png, Results/merton_model/dropna/plots/One_System_Default_vs_Controls_Asset_Vol_Evolution.png, Results/merton_model/dropna/plots/One_System_Default_vs_Controls_Implied_A2D_Evolution.png, Results/merton_model/dropna/plots/One_System_Default_vs_Controls_Book_A2D_Evolution.png, Results/merton_model/dropna/plots/One_System_Implied_A2D_vs_Book_A2D_Evolution.png
    jobid: 1
    reason: Code has changed since last execution
    resources: tmpdir=C:\Users\biswa\AppData\Local\Temp

[Fri May 23 10:23:40 2025]
Finished jobid: 1 (Rule: merton_model_descriptives)
1 of 2 steps (50%) done
Select jobs to execute...
Execute 1 jobs...
[Fri May 23 10:23:40 2025]
localrule all:
    input: Results/merton_model/dropna/tables/two_system_summary_stats.csv, Results/merton_model/dropna/tables/one_system_summary_stats.csv, Results/merton_model/dropna/plots/Two_System_Default_vs_Controls_PD_Evolution.png, Results/merton_model/dropna/plots/Two_System_Default_vs_Controls_Equity_Returns_Evolution.png, Results/merton_model/dropna/plots/Two_System_Default_vs_Controls_Equity_Vol_Evolution.png, Results/merton_model/dropna/plots/Two_System_Default_vs_Controls_Asset_Vol_Evolution.png, Results/merton_model/dropna/plots/Two_System_Default_vs_Controls_Implied_A2D_Evolution.png, Results/merton_model/dropna/plots/Two_System_Default_vs_Controls_Book_A2D_Evolution.png, Results/merton_model/dropna/plots/Two_System_Implied_A2D_vs_Book_A2D_Evolution.png, Results/merton_model/dropna/plots/One_System_Default_vs_Controls_PD_Evolution.png, Results/merton_model/dropna/plots/One_System_Default_vs_Controls_Equity_Returns_Evolution.png, Results/merton_model/dropna/plots/One_System_Default_vs_Controls_Equity_Vol_Evolution.png, Results/merton_model/dropna/plots/One_System_Default_vs_Controls_Asset_Vol_Evolution.png, Results/merton_model/dropna/plots/One_System_Default_vs_Controls_Implied_A2D_Evolution.png, Results/merton_model/dropna/plots/One_System_Default_vs_Controls_Book_A2D_Evolution.png, Results/merton_model/dropna/plots/One_System_Implied_A2D_vs_Book_A2D_Evolution.png
    jobid: 0
    reason: Input files updated by another job: Results/merton_model/dropna/plots/Two_System_Default_vs_Controls_Book_A2D_Evolution.png, Results/merton_model/dropna/plots/One_System_Default_vs_Controls_PD_Evolution.png, Results/merton_model/dropna/plots/Two_System_Default_vs_Controls_Asset_Vol_Evolution.png, Results/merton_model/dropna/tables/one_system_summary_stats.csv, Results/merton_model/dropna/tables/two_system_summary_stats.csv, Results/merton_model/dropna/plots/One_System_Default_vs_Controls_Implied_A2D_Evolution.png, Results/merton_model/dropna/plots/One_System_Implied_A2D_vs_Book_A2D_Evolution.png, Results/merton_model/dropna/plots/One_System_Default_vs_Controls_Asset_Vol_Evolution.png, Results/merton_model/dropna/plots/One_System_Default_vs_Controls_Equity_Returns_Evolution.png, Results/merton_model/dropna/plots/Two_System_Default_vs_Controls_Implied_A2D_Evolution.png, Results/merton_model/dropna/plots/Two_System_Implied_A2D_vs_Book_A2D_Evolution.png, Results/merton_model/dropna/plots/Two_System_Default_vs_Controls_Equity_Vol_Evolution.png, Results/merton_model/dropna/plots/Two_System_Default_vs_Controls_Equity_Returns_Evolution.png, Results/merton_model/dropna/plots/One_System_Default_vs_Controls_Book_A2D_Evolution.png, Results/merton_model/dropna/plots/Two_System_Default_vs_Controls_PD_Evolution.png, Results/merton_model/dropna/plots/One_System_Default_vs_Controls_Equity_Vol_Evolution.png
    resources: tmpdir=C:\Users\biswa\AppData\Local\Temp

[Fri May 23 10:23:40 2025]
Finished jobid: 0 (Rule: all)
2 of 2 steps (100%) done
Complete log(s): C:\Users\biswa\DefaultRiskValuation\.snakemake\log\2025-05-23T102322.764322.snakemake.log
