Assuming unrestricted shared filesystem usage.
None
host: Biswajit
Building DAG of jobs...
Provided cores: 8
Rules claiming more threads will be scaled down.
Job stats:
job                             count
----------------------------  -------
all                                 1
inspect_defaulting_companies        1
total                               2

Select jobs to execute...
Execute 1 jobs...
[Fri May  9 09:54:04 2025]
localrule inspect_defaulting_companies:
    input: Data/bankruptcy_filings/bankruptcy_filings_cleaned.csv, Data/financials/financials_annual.gz
    output: Results/initial_inspection/defaulting_companies_year.csv, Results/initial_inspection/yearly_cases_default.csv
    jobid: 2
    reason: Missing output files: Results/initial_inspection/defaulting_companies_year.csv, Results/initial_inspection/yearly_cases_default.csv
    resources: tmpdir=C:\Users\biswa\AppData\Local\Temp

[Fri May  9 09:55:04 2025]
Finished jobid: 2 (Rule: inspect_defaulting_companies)
1 of 2 steps (50%) done
Select jobs to execute...
Execute 1 jobs...
[Fri May  9 09:55:04 2025]
localrule all:
    input: Results/initial_inspection/dominant_datadate_per_year.csv, Results/initial_inspection/companies_per_year_dominant_date.csv, Results/initial_inspection/defaulting_companies_year.csv, Results/initial_inspection/yearly_cases_default.csv, Results/initial_inspection/companies_with_gaps.csv
    jobid: 0
    reason: Input files updated by another job: Results/initial_inspection/defaulting_companies_year.csv, Results/initial_inspection/yearly_cases_default.csv
    resources: tmpdir=C:\Users\biswa\AppData\Local\Temp

[Fri May  9 09:55:04 2025]
Finished jobid: 0 (Rule: all)
2 of 2 steps (100%) done
Complete log(s): C:\Users\biswa\DefaultRiskValuation\.snakemake\log\2025-05-09T095404.633453.snakemake.log
