Assuming unrestricted shared filesystem usage.
None
host: Biswajit
Building DAG of jobs...
Provided cores: 8
Rules claiming more threads will be scaled down.
Job stats:
job                             count
----------------------------  -------
all                                 1
initial_panel_inspection            1
inspect_defaulting_companies        1
total                               3

Select jobs to execute...
Execute 2 jobs...
[Wed May  7 16:26:57 2025]
localrule initial_panel_inspection:
    input: Data/financials/financials_annual.gz
    output: Results/intial_inspection/dominant_datadate_per_year.csv, Results/intial_inspection/companies_per_year_dominant_date.csv
    jobid: 1
    reason: Missing output files: Results/intial_inspection/dominant_datadate_per_year.csv, Results/intial_inspection/companies_per_year_dominant_date.csv; Set of input files has changed since last execution
    resources: tmpdir=C:\Users\biswa\AppData\Local\Temp

[Wed May  7 16:26:57 2025]
localrule inspect_defaulting_companies:
    input: Data/bankruptcy_filings/bankruptcy_filings_cleaned.csv, Data/financials/financials_annual.gz
    output: Results/initial_inspection/defaulting_companies_year.csv, Results/initial_inspection/yearly_cases_default.csv
    jobid: 2
    reason: Missing output files: Results/initial_inspection/yearly_cases_default.csv, Results/initial_inspection/defaulting_companies_year.csv; Set of input files has changed since last execution
    resources: tmpdir=C:\Users\biswa\AppData\Local\Temp

[Wed May  7 16:27:52 2025]
Finished jobid: 2 (Rule: inspect_defaulting_companies)
1 of 3 steps (33%) done
[Wed May  7 16:28:14 2025]
Finished jobid: 1 (Rule: initial_panel_inspection)
2 of 3 steps (67%) done
Select jobs to execute...
Execute 1 jobs...
[Wed May  7 16:28:15 2025]
localrule all:
    input: Results/intial_inspection/dominant_datadate_per_year.csv, Results/intial_inspection/companies_per_year_dominant_date.csv, Results/initial_inspection/defaulting_companies_year.csv, Results/initial_inspection/yearly_cases_default.csv
    jobid: 0
    reason: Input files updated by another job: Results/initial_inspection/yearly_cases_default.csv, Results/intial_inspection/dominant_datadate_per_year.csv, Results/initial_inspection/defaulting_companies_year.csv, Results/intial_inspection/companies_per_year_dominant_date.csv
    resources: tmpdir=C:\Users\biswa\AppData\Local\Temp

[Wed May  7 16:28:15 2025]
Finished jobid: 0 (Rule: all)
3 of 3 steps (100%) done
Complete log(s): C:\Users\biswa\DefaultRiskValuation\.snakemake\log\2025-05-07T162657.190512.snakemake.log
