Assuming unrestricted shared filesystem usage.
None
host: Biswajit
Building DAG of jobs...
Provided cores: 8
Rules claiming more threads will be scaled down.
Job stats:
job                                    count
-----------------------------------  -------
all                                        1
merton_model_implimentation_imputed        1
total                                      2

Select jobs to execute...
Execute 1 jobs...
[Fri May 23 16:37:25 2025]
localrule merton_model_implimentation_imputed:
    input: Data/prepared_datasets/financials_annual_merton_imputed.csv
    output: Results/merton_model/notdropped/tables/two_system_merton_predictions.csv, Results/merton_model/notdropped/tables/two_system_merton_performance.csv, Results/merton_model/notdropped/tables/one_system_merton_predictions.csv, Results/merton_model/notdropped/tables/one_system_merton_performance.csv
    jobid: 1
    reason: Missing output files: Results/merton_model/notdropped/tables/two_system_merton_predictions.csv, Results/merton_model/notdropped/tables/two_system_merton_performance.csv; Code has changed since last execution
    resources: tmpdir=C:\Users\biswa\AppData\Local\Temp

[Fri May 23 19:03:04 2025]
Finished jobid: 1 (Rule: merton_model_implimentation_imputed)
1 of 2 steps (50%) done
Select jobs to execute...
Execute 1 jobs...
[Fri May 23 19:03:04 2025]
localrule all:
    input: Results/merton_model/notdropped/tables/two_system_merton_predictions.csv, Results/merton_model/notdropped/tables/two_system_merton_performance.csv, Results/merton_model/notdropped/tables/one_system_merton_predictions.csv, Results/merton_model/notdropped/tables/one_system_merton_performance.csv
    jobid: 0
    reason: Input files updated by another job: Results/merton_model/notdropped/tables/two_system_merton_performance.csv, Results/merton_model/notdropped/tables/two_system_merton_predictions.csv, Results/merton_model/notdropped/tables/one_system_merton_performance.csv, Results/merton_model/notdropped/tables/one_system_merton_predictions.csv
    resources: tmpdir=C:\Users\biswa\AppData\Local\Temp

[Fri May 23 19:03:04 2025]
Finished jobid: 0 (Rule: all)
2 of 2 steps (100%) done
Complete log(s): C:\Users\biswa\DefaultRiskValuation\.snakemake\log\2025-05-23T163725.457806.snakemake.log
