Assuming unrestricted shared filesystem usage.
None
host: Biswajit
Building DAG of jobs...
Provided cores: 8
Rules claiming more threads will be scaled down.
Job stats:
job                          count
-------------------------  -------
all                              1
equtiy_asset_vol_tracking        1
total                            2

Select jobs to execute...
Execute 1 jobs...
[Tue Jun  3 18:12:10 2025]
localrule equtiy_asset_vol_tracking:
    input: Results/merton_model/dropna/tables/two_system_merton_predictions.csv, Results/merton_model/notdropped/tables/two_system_merton_predictions.csv
    output: Results/merton_model/dropna/plots/equity_asset_vol_trend.png, Results/merton_model/notdropped/plots/equity_asset_vol_trend.png
    jobid: 1
    reason: Missing output files: Results/merton_model/notdropped/plots/equity_asset_vol_trend.png, Results/merton_model/dropna/plots/equity_asset_vol_trend.png
    resources: tmpdir=C:\Users\biswa\AppData\Local\Temp

[Tue Jun  3 18:12:17 2025]
Finished jobid: 1 (Rule: equtiy_asset_vol_tracking)
1 of 2 steps (50%) done
Select jobs to execute...
Execute 1 jobs...
[Tue Jun  3 18:12:17 2025]
localrule all:
    input: Results/merton_model/dropna/plots/equity_asset_vol_trend.png, Results/merton_model/notdropped/plots/equity_asset_vol_trend.png
    jobid: 0
    reason: Input files updated by another job: Results/merton_model/notdropped/plots/equity_asset_vol_trend.png, Results/merton_model/dropna/plots/equity_asset_vol_trend.png
    resources: tmpdir=C:\Users\biswa\AppData\Local\Temp

[Tue Jun  3 18:12:17 2025]
Finished jobid: 0 (Rule: all)
2 of 2 steps (100%) done
Complete log(s): C:\Users\biswa\DefaultRiskValuation\.snakemake\log\2025-06-03T181210.011949.snakemake.log
