Assuming unrestricted shared filesystem usage.
None
host: Biswajit
Building DAG of jobs...
Provided cores: 8
Rules claiming more threads will be scaled down.
Job stats:
job                                      count
-------------------------------------  -------
all                                          1
descriptive_statistics_for_inspection        1
total                                        2

Select jobs to execute...
Execute 1 jobs...
[Mon May 19 18:44:28 2025]
localrule descriptive_statistics_for_inspection:
    input: Data/prepared_datasets/financials_annual_merton.csv, Data/prepared_datasets/stocks_data_prepared.csv
    output: Results/prepared_data_inspection/tables/summary_table.csv, Results/prepared_data_inspection/plots/cusip_default_imbalance_at.png, Results/prepared_data_inspection/tables/missing_dt_distribution.csv, Results/prepared_data_inspection/plots/cusip_default_imbalance_dt.png, Results/prepared_data_inspection/tables/missing_ceq_distribution.csv, Results/prepared_data_inspection/plots/cusip_default_imbalance_ceq.png, Results/prepared_data_inspection/tables/missing_csho_distribution.csv, Results/prepared_data_inspection/plots/cusip_default_imbalance_csho.png, Results/prepared_data_inspection/plots/missingness_by_asset_quintiles_3A.png, Results/prepared_data_inspection/plots/missingness_extreme_values_3B.png, Results/prepared_data_inspection/plots/autocorrelation in variables.png, Results/prepared_data_inspection/plots/correlation_heatmap.png, Results/prepared_data_inspection/tables/data_default_summary_table.csv, Results/prepared_data_inspection/plots/null_proportions_by_year.png
    jobid: 1
    reason: Missing output files: Results/prepared_data_inspection/tables/data_default_summary_table.csv; Updated input files: Data/prepared_datasets/stocks_data_prepared.csv
    resources: tmpdir=C:\Users\biswa\AppData\Local\Temp

[Mon May 19 18:45:54 2025]
Finished jobid: 1 (Rule: descriptive_statistics_for_inspection)
1 of 2 steps (50%) done
Select jobs to execute...
Execute 1 jobs...
[Mon May 19 18:45:54 2025]
localrule all:
    input: Results/prepared_data_inspection/tables/summary_table.csv, Results/prepared_data_inspection/plots/cusip_default_imbalance_at.png, Results/prepared_data_inspection/tables/missing_dt_distribution.csv, Results/prepared_data_inspection/plots/cusip_default_imbalance_dt.png, Results/prepared_data_inspection/tables/missing_ceq_distribution.csv, Results/prepared_data_inspection/plots/cusip_default_imbalance_ceq.png, Results/prepared_data_inspection/tables/missing_csho_distribution.csv, Results/prepared_data_inspection/plots/cusip_default_imbalance_csho.png, Results/prepared_data_inspection/plots/missingness_by_asset_quintiles_3A.png, Results/prepared_data_inspection/plots/missingness_extreme_values_3B.png, Results/prepared_data_inspection/plots/autocorrelation in variables.png, Results/prepared_data_inspection/plots/correlation_heatmap.png, Results/prepared_data_inspection/tables/data_default_summary_table.csv, Results/prepared_data_inspection/plots/null_proportions_by_year.png
    jobid: 0
    reason: Input files updated by another job: Results/prepared_data_inspection/tables/missing_ceq_distribution.csv, Results/prepared_data_inspection/plots/null_proportions_by_year.png, Results/prepared_data_inspection/plots/missingness_by_asset_quintiles_3A.png, Results/prepared_data_inspection/tables/missing_dt_distribution.csv, Results/prepared_data_inspection/plots/missingness_extreme_values_3B.png, Results/prepared_data_inspection/plots/cusip_default_imbalance_at.png, Results/prepared_data_inspection/plots/cusip_default_imbalance_csho.png, Results/prepared_data_inspection/plots/correlation_heatmap.png, Results/prepared_data_inspection/plots/cusip_default_imbalance_dt.png, Results/prepared_data_inspection/tables/data_default_summary_table.csv, Results/prepared_data_inspection/plots/cusip_default_imbalance_ceq.png, Results/prepared_data_inspection/tables/missing_csho_distribution.csv, Results/prepared_data_inspection/tables/summary_table.csv, Results/prepared_data_inspection/plots/autocorrelation in variables.png
    resources: tmpdir=C:\Users\biswa\AppData\Local\Temp

[Mon May 19 18:45:54 2025]
Finished jobid: 0 (Rule: all)
2 of 2 steps (100%) done
Complete log(s): C:\Users\biswa\DefaultRiskValuation\.snakemake\log\2025-05-19T184428.124102.snakemake.log
